<?xml version="1.0" encoding="UTF-8"?>
<testsuite name="com.neerly.mobile.feature.deposit.DepositsViewModelTest" tests="2" skipped="0" failures="0" errors="0" timestamp="2026-08-23T12:46:21.279Z" hostname="shivas-MacBook-Pro.local" time="0.015">
  <properties/>
  <testcase name="scheduleReturn_postsAndRefreshes" classname="com.neerly.mobile.feature.deposit.DepositsViewModelTest" time="0.013"/>
  <testcase name="load_groupsByStatus" classname="com.neerly.mobile.feature.deposit.DepositsViewModelTest" time="0.002"/>
  <system-out><![CDATA[]]></system-out>
  <system-err><![CDATA[]]></system-err>
</testsuite>
