<?xml version="1.0" encoding="UTF-8"?>
<testsuite name="com.neerly.mobile.feature.complaint.ComplaintThreadViewModelTest" tests="3" skipped="0" failures="0" errors="0" timestamp="2026-08-23T12:46:21.228Z" hostname="shivas-MacBook-Pro.local" time="0.028">
  <properties/>
  <testcase name="load_populatesComplaint" classname="com.neerly.mobile.feature.complaint.ComplaintThreadViewModelTest" time="0.015"/>
  <testcase name="appendMessage_appendsLocallyAfterServerEcho" classname="com.neerly.mobile.feature.complaint.ComplaintThreadViewModelTest" time="0.011"/>
  <testcase name="appendMessage_blank_isNoOp" classname="com.neerly.mobile.feature.complaint.ComplaintThreadViewModelTest" time="0.002"/>
  <system-out><![CDATA[]]></system-out>
  <system-err><![CDATA[]]></system-err>
</testsuite>
