<?xml version="1.0" encoding="UTF-8"?>
<testsuite name="com.neerly.mobile.feature.customer.CustomerHomeViewModelTest" tests="5" skipped="0" failures="0" errors="0" timestamp="2026-08-23T12:46:21.256Z" hostname="shivas-MacBook-Pro.local" time="0.022">
  <properties/>
  <testcase name="activeOrder_included_whenNonTerminal" classname="com.neerly.mobile.feature.customer.CustomerHomeViewModelTest" time="0.012"/>
  <testcase name="load_happyPath_populatesVendorsAndPrimaryAddress" classname="com.neerly.mobile.feature.customer.CustomerHomeViewModelTest" time="0.003"/>
  <testcase name="load_addressesFailure_surfacesError" classname="com.neerly.mobile.feature.customer.CustomerHomeViewModelTest" time="0.002"/>
  <testcase name="load_noAddresses_fallsBackToDefaultPincode" classname="com.neerly.mobile.feature.customer.CustomerHomeViewModelTest" time="0.003"/>
  <testcase name="load_activeOrdersFailureIsTolerated_homeStillLoads" classname="com.neerly.mobile.feature.customer.CustomerHomeViewModelTest" time="0.002"/>
  <system-out><![CDATA[]]></system-out>
  <system-err><![CDATA[]]></system-err>
</testsuite>
