<?xml version="1.0" encoding="UTF-8"?>
<testsuite name="com.neerly.mobile.feature.subscription.SubscriptionListViewModelTest" tests="2" skipped="0" failures="0" errors="0" timestamp="2026-08-23T12:46:41.026Z" hostname="shivas-MacBook-Pro.local" time="0.006">
  <properties/>
  <testcase name="load_failure_setsError" classname="com.neerly.mobile.feature.subscription.SubscriptionListViewModelTest" time="0.004"/>
  <testcase name="load_groupsByStatus" classname="com.neerly.mobile.feature.subscription.SubscriptionListViewModelTest" time="0.002"/>
  <system-out><![CDATA[]]></system-out>
  <system-err><![CDATA[]]></system-err>
</testsuite>
