<?xml version="1.0" encoding="UTF-8"?>
<testsuite name="com.neerly.mobile.feature.wallet.WalletViewModelTest" tests="3" skipped="0" failures="0" errors="0" timestamp="2026-08-23T12:46:41.032Z" hostname="shivas-MacBook-Pro.local" time="0.009">
  <properties/>
  <testcase name="topup_success_invokesCallbackWithResult" classname="com.neerly.mobile.feature.wallet.WalletViewModelTest" time="0.005"/>
  <testcase name="load_populatesBalanceAndTransactions" classname="com.neerly.mobile.feature.wallet.WalletViewModelTest" time="0.002"/>
  <testcase name="topup_invalidAmount_setsError" classname="com.neerly.mobile.feature.wallet.WalletViewModelTest" time="0.002"/>
  <system-out><![CDATA[]]></system-out>
  <system-err><![CDATA[]]></system-err>
</testsuite>
